CRITICAL - 2020-09-22 06:40:09 --> Invalid argument supplied for foreach()
#0 /mnt/common/devweb/kpkevin/simoli/app/Views/sensor/index.php(33): CodeIgniter\Debug\Exceptions->errorHandler()
#1 /mnt/common/devweb/kpkevin/simoli/system/View/View.php(246): include('/mnt/common/dev...')
#2 /mnt/common/devweb/kpkevin/simoli/system/Common.php(1087): CodeIgniter\View\View->render()
#3 /mnt/common/devweb/kpkevin/simoli/app/Controllers/Sensor.php(24): view()
#4 /mnt/common/devweb/kpkevin/simoli/system/CodeIgniter.php(914): App\Controllers\Sensor->index()
#5 /mnt/common/devweb/kpkevin/simoli/system/CodeIgniter.php(400): CodeIgniter\CodeIgniter->runController()
#6 /mnt/common/devweb/kpkevin/simoli/system/CodeIgniter.php(308): CodeIgniter\CodeIgniter->handleRequest()
#7 /mnt/common/devweb/kpkevin/simoli/public/index.php(45): CodeIgniter\CodeIgniter->run()
#8 {main}
CRITICAL - 2020-09-22 06:40:52 --> Invalid argument supplied for foreach()
#0 /mnt/common/devweb/kpkevin/simoli/app/Views/sensor/index.php(33): CodeIgniter\Debug\Exceptions->errorHandler()
#1 /mnt/common/devweb/kpkevin/simoli/system/View/View.php(246): include('/mnt/common/dev...')
#2 /mnt/common/devweb/kpkevin/simoli/system/Common.php(1087): CodeIgniter\View\View->render()
#3 /mnt/common/devweb/kpkevin/simoli/app/Controllers/Sensor.php(24): view()
#4 /mnt/common/devweb/kpkevin/simoli/system/CodeIgniter.php(914): App\Controllers\Sensor->index()
#5 /mnt/common/devweb/kpkevin/simoli/system/CodeIgniter.php(400): CodeIgniter\CodeIgniter->runController()
#6 /mnt/common/devweb/kpkevin/simoli/system/CodeIgniter.php(308): CodeIgniter\CodeIgniter->handleRequest()
#7 /mnt/common/devweb/kpkevin/simoli/public/index.php(45): CodeIgniter\CodeIgniter->run()
#8 {main}
CRITICAL - 2020-09-22 07:01:39 --> Invalid argument supplied for foreach()
#0 /mnt/common/devweb/kpkevin/simoli/app/Views/sensor/index.php(33): CodeIgniter\Debug\Exceptions->errorHandler()
#1 /mnt/common/devweb/kpkevin/simoli/system/View/View.php(246): include('/mnt/common/dev...')
#2 /mnt/common/devweb/kpkevin/simoli/system/Common.php(1087): CodeIgniter\View\View->render()
#3 /mnt/common/devweb/kpkevin/simoli/app/Controllers/Sensor.php(24): view()
#4 /mnt/common/devweb/kpkevin/simoli/system/CodeIgniter.php(914): App\Controllers\Sensor->index()
#5 /mnt/common/devweb/kpkevin/simoli/system/CodeIgniter.php(400): CodeIgniter\CodeIgniter->runController()
#6 /mnt/common/devweb/kpkevin/simoli/system/CodeIgniter.php(308): CodeIgniter\CodeIgniter->handleRequest()
#7 /mnt/common/devweb/kpkevin/simoli/public/index.php(45): CodeIgniter\CodeIgniter->run()
#8 {main}
CRITICAL - 2020-09-22 07:01:43 --> Invalid argument supplied for foreach()
#0 /mnt/common/devweb/kpkevin/simoli/app/Views/sensor/index.php(33): CodeIgniter\Debug\Exceptions->errorHandler()
#1 /mnt/common/devweb/kpkevin/simoli/system/View/View.php(246): include('/mnt/common/dev...')
#2 /mnt/common/devweb/kpkevin/simoli/system/Common.php(1087): CodeIgniter\View\View->render()
#3 /mnt/common/devweb/kpkevin/simoli/app/Controllers/Sensor.php(24): view()
#4 /mnt/common/devweb/kpkevin/simoli/system/CodeIgniter.php(914): App\Controllers\Sensor->index()
#5 /mnt/common/devweb/kpkevin/simoli/system/CodeIgniter.php(400): CodeIgniter\CodeIgniter->runController()
#6 /mnt/common/devweb/kpkevin/simoli/system/CodeIgniter.php(308): CodeIgniter\CodeIgniter->handleRequest()
#7 /mnt/common/devweb/kpkevin/simoli/public/index.php(45): CodeIgniter\CodeIgniter->run()
#8 {main}
CRITICAL - 2020-09-22 07:01:46 --> Invalid argument supplied for foreach()
#0 /mnt/common/devweb/kpkevin/simoli/app/Views/sensor/index.php(33): CodeIgniter\Debug\Exceptions->errorHandler()
#1 /mnt/common/devweb/kpkevin/simoli/system/View/View.php(246): include('/mnt/common/dev...')
#2 /mnt/common/devweb/kpkevin/simoli/system/Common.php(1087): CodeIgniter\View\View->render()
#3 /mnt/common/devweb/kpkevin/simoli/app/Controllers/Sensor.php(24): view()
#4 /mnt/common/devweb/kpkevin/simoli/system/CodeIgniter.php(914): App\Controllers\Sensor->index()
#5 /mnt/common/devweb/kpkevin/simoli/system/CodeIgniter.php(400): CodeIgniter\CodeIgniter->runController()
#6 /mnt/common/devweb/kpkevin/simoli/system/CodeIgniter.php(308): CodeIgniter\CodeIgniter->handleRequest()
#7 /mnt/common/devweb/kpkevin/simoli/public/index.php(45): CodeIgniter\CodeIgniter->run()
#8 {main}
CRITICAL - 2020-09-22 07:01:55 --> Invalid argument supplied for foreach()
#0 /mnt/common/devweb/kpkevin/simoli/app/Views/sensor/index.php(33): CodeIgniter\Debug\Exceptions->errorHandler()
#1 /mnt/common/devweb/kpkevin/simoli/system/View/View.php(246): include('/mnt/common/dev...')
#2 /mnt/common/devweb/kpkevin/simoli/system/Common.php(1087): CodeIgniter\View\View->render()
#3 /mnt/common/devweb/kpkevin/simoli/app/Controllers/Sensor.php(24): view()
#4 /mnt/common/devweb/kpkevin/simoli/system/CodeIgniter.php(914): App\Controllers\Sensor->index()
#5 /mnt/common/devweb/kpkevin/simoli/system/CodeIgniter.php(400): CodeIgniter\CodeIgniter->runController()
#6 /mnt/common/devweb/kpkevin/simoli/system/CodeIgniter.php(308): CodeIgniter\CodeIgniter->handleRequest()
#7 /mnt/common/devweb/kpkevin/simoli/public/index.php(45): CodeIgniter\CodeIgniter->run()
#8 {main}
CRITICAL - 2020-09-22 07:02:11 --> Invalid argument supplied for foreach()
#0 /mnt/common/devweb/kpkevin/simoli/app/Views/sensor/index.php(33): CodeIgniter\Debug\Exceptions->errorHandler()
#1 /mnt/common/devweb/kpkevin/simoli/system/View/View.php(246): include('/mnt/common/dev...')
#2 /mnt/common/devweb/kpkevin/simoli/system/Common.php(1087): CodeIgniter\View\View->render()
#3 /mnt/common/devweb/kpkevin/simoli/app/Controllers/Sensor.php(25): view()
#4 /mnt/common/devweb/kpkevin/simoli/system/CodeIgniter.php(914): App\Controllers\Sensor->index()
#5 /mnt/common/devweb/kpkevin/simoli/system/CodeIgniter.php(400): CodeIgniter\CodeIgniter->runController()
#6 /mnt/common/devweb/kpkevin/simoli/system/CodeIgniter.php(308): CodeIgniter\CodeIgniter->handleRequest()
#7 /mnt/common/devweb/kpkevin/simoli/public/index.php(45): CodeIgniter\CodeIgniter->run()
#8 {main}
CRITICAL - 2020-09-22 07:09:54 --> Invalid argument supplied for foreach()
#0 /mnt/common/devweb/kpkevin/simoli/app/Views/sensor/tambah.php(34): CodeIgniter\Debug\Exceptions->errorHandler()
#1 /mnt/common/devweb/kpkevin/simoli/system/View/View.php(246): include('/mnt/common/dev...')
#2 /mnt/common/devweb/kpkevin/simoli/system/Common.php(1087): CodeIgniter\View\View->render()
#3 /mnt/common/devweb/kpkevin/simoli/app/Controllers/Sensor.php(36): view()
#4 /mnt/common/devweb/kpkevin/simoli/system/CodeIgniter.php(914): App\Controllers\Sensor->tambahSensor()
#5 /mnt/common/devweb/kpkevin/simoli/system/CodeIgniter.php(400): CodeIgniter\CodeIgniter->runController()
#6 /mnt/common/devweb/kpkevin/simoli/system/CodeIgniter.php(308): CodeIgniter\CodeIgniter->handleRequest()
#7 /mnt/common/devweb/kpkevin/simoli/public/index.php(45): CodeIgniter\CodeIgniter->run()
#8 {main}
CRITICAL - 2020-09-22 07:09:58 --> Invalid argument supplied for foreach()
#0 /mnt/common/devweb/kpkevin/simoli/app/Views/sensor/tambah.php(34): CodeIgniter\Debug\Exceptions->errorHandler()
#1 /mnt/common/devweb/kpkevin/simoli/system/View/View.php(246): include('/mnt/common/dev...')
#2 /mnt/common/devweb/kpkevin/simoli/system/Common.php(1087): CodeIgniter\View\View->render()
#3 /mnt/common/devweb/kpkevin/simoli/app/Controllers/Sensor.php(36): view()
#4 /mnt/common/devweb/kpkevin/simoli/system/CodeIgniter.php(914): App\Controllers\Sensor->tambahSensor()
#5 /mnt/common/devweb/kpkevin/simoli/system/CodeIgniter.php(400): CodeIgniter\CodeIgniter->runController()
#6 /mnt/common/devweb/kpkevin/simoli/system/CodeIgniter.php(308): CodeIgniter\CodeIgniter->handleRequest()
#7 /mnt/common/devweb/kpkevin/simoli/public/index.php(45): CodeIgniter\CodeIgniter->run()
#8 {main}
