CRITICAL - 2020-09-26 03:55:07 --> syntax error, unexpected ')', expecting variable (T_VARIABLE) or '{' or '$'
#0 /home/yanwardo/Documents/simoli/system/Autoloader/Autoloader.php(296): CodeIgniter\Autoloader\Autoloader->requireFile()
#1 /home/yanwardo/Documents/simoli/system/Autoloader/Autoloader.php(258): CodeIgniter\Autoloader\Autoloader->loadInNamespace()
#2 [internal function]: CodeIgniter\Autoloader\Autoloader->loadClass()
#3 [internal function]: spl_autoload_call()
#4 /home/yanwardo/Documents/simoli/system/CodeIgniter.php(865): class_exists()
#5 /home/yanwardo/Documents/simoli/system/CodeIgniter.php(390): CodeIgniter\CodeIgniter->startController()
#6 /home/yanwardo/Documents/simoli/system/CodeIgniter.php(308): CodeIgniter\CodeIgniter->handleRequest()
#7 /home/yanwardo/Documents/simoli/public/index.php(45): CodeIgniter\CodeIgniter->run()
#8 {main}
CRITICAL - 2020-09-26 03:55:56 --> Invalid argument supplied for foreach()
#0 /home/yanwardo/Documents/simoli/app/Controllers/Monitoring.php(136): CodeIgniter\Debug\Exceptions->errorHandler()
#1 /home/yanwardo/Documents/simoli/system/CodeIgniter.php(914): App\Controllers\Monitoring->getDataMonitoring()
#2 /home/yanwardo/Documents/simoli/system/CodeIgniter.php(400): CodeIgniter\CodeIgniter->runController()
#3 /home/yanwardo/Documents/simoli/system/CodeIgniter.php(308): CodeIgniter\CodeIgniter->handleRequest()
#4 /home/yanwardo/Documents/simoli/public/index.php(45): CodeIgniter\CodeIgniter->run()
#5 {main}
CRITICAL - 2020-09-26 03:56:13 --> Invalid argument supplied for foreach()
#0 /home/yanwardo/Documents/simoli/app/Controllers/Monitoring.php(137): CodeIgniter\Debug\Exceptions->errorHandler()
#1 /home/yanwardo/Documents/simoli/system/CodeIgniter.php(914): App\Controllers\Monitoring->getDataMonitoring()
#2 /home/yanwardo/Documents/simoli/system/CodeIgniter.php(400): CodeIgniter\CodeIgniter->runController()
#3 /home/yanwardo/Documents/simoli/system/CodeIgniter.php(308): CodeIgniter\CodeIgniter->handleRequest()
#4 /home/yanwardo/Documents/simoli/public/index.php(45): CodeIgniter\CodeIgniter->run()
#5 {main}
CRITICAL - 2020-09-26 03:56:28 --> Invalid argument supplied for foreach()
#0 /home/yanwardo/Documents/simoli/app/Controllers/Monitoring.php(136): CodeIgniter\Debug\Exceptions->errorHandler()
#1 /home/yanwardo/Documents/simoli/system/CodeIgniter.php(914): App\Controllers\Monitoring->getDataMonitoring()
#2 /home/yanwardo/Documents/simoli/system/CodeIgniter.php(400): CodeIgniter\CodeIgniter->runController()
#3 /home/yanwardo/Documents/simoli/system/CodeIgniter.php(308): CodeIgniter\CodeIgniter->handleRequest()
#4 /home/yanwardo/Documents/simoli/public/index.php(45): CodeIgniter\CodeIgniter->run()
#5 {main}
CRITICAL - 2020-09-26 03:57:00 --> Invalid argument supplied for foreach()
#0 /home/yanwardo/Documents/simoli/app/Controllers/Monitoring.php(137): CodeIgniter\Debug\Exceptions->errorHandler()
#1 /home/yanwardo/Documents/simoli/system/CodeIgniter.php(914): App\Controllers\Monitoring->getDataMonitoring()
#2 /home/yanwardo/Documents/simoli/system/CodeIgniter.php(400): CodeIgniter\CodeIgniter->runController()
#3 /home/yanwardo/Documents/simoli/system/CodeIgniter.php(308): CodeIgniter\CodeIgniter->handleRequest()
#4 /home/yanwardo/Documents/simoli/public/index.php(45): CodeIgniter\CodeIgniter->run()
#5 {main}
CRITICAL - 2020-09-26 03:57:19 --> Invalid argument supplied for foreach()
#0 /home/yanwardo/Documents/simoli/app/Controllers/Monitoring.php(136): CodeIgniter\Debug\Exceptions->errorHandler()
#1 /home/yanwardo/Documents/simoli/system/CodeIgniter.php(914): App\Controllers\Monitoring->getDataMonitoring()
#2 /home/yanwardo/Documents/simoli/system/CodeIgniter.php(400): CodeIgniter\CodeIgniter->runController()
#3 /home/yanwardo/Documents/simoli/system/CodeIgniter.php(308): CodeIgniter\CodeIgniter->handleRequest()
#4 /home/yanwardo/Documents/simoli/public/index.php(45): CodeIgniter\CodeIgniter->run()
#5 {main}
CRITICAL - 2020-09-26 03:57:51 --> Invalid argument supplied for foreach()
#0 /home/yanwardo/Documents/simoli/app/Controllers/Monitoring.php(137): CodeIgniter\Debug\Exceptions->errorHandler()
#1 /home/yanwardo/Documents/simoli/system/CodeIgniter.php(914): App\Controllers\Monitoring->getDataMonitoring()
#2 /home/yanwardo/Documents/simoli/system/CodeIgniter.php(400): CodeIgniter\CodeIgniter->runController()
#3 /home/yanwardo/Documents/simoli/system/CodeIgniter.php(308): CodeIgniter\CodeIgniter->handleRequest()
#4 /home/yanwardo/Documents/simoli/public/index.php(45): CodeIgniter\CodeIgniter->run()
#5 {main}
CRITICAL - 2020-09-26 03:57:59 --> Invalid argument supplied for foreach()
#0 /home/yanwardo/Documents/simoli/app/Controllers/Monitoring.php(137): CodeIgniter\Debug\Exceptions->errorHandler()
#1 /home/yanwardo/Documents/simoli/system/CodeIgniter.php(914): App\Controllers\Monitoring->getDataMonitoring()
#2 /home/yanwardo/Documents/simoli/system/CodeIgniter.php(400): CodeIgniter\CodeIgniter->runController()
#3 /home/yanwardo/Documents/simoli/system/CodeIgniter.php(308): CodeIgniter\CodeIgniter->handleRequest()
#4 /home/yanwardo/Documents/simoli/public/index.php(45): CodeIgniter\CodeIgniter->run()
#5 {main}
CRITICAL - 2020-09-26 03:58:22 --> Invalid argument supplied for foreach()
#0 /home/yanwardo/Documents/simoli/app/Controllers/Monitoring.php(139): CodeIgniter\Debug\Exceptions->errorHandler()
#1 /home/yanwardo/Documents/simoli/system/CodeIgniter.php(914): App\Controllers\Monitoring->getDataMonitoring()
#2 /home/yanwardo/Documents/simoli/system/CodeIgniter.php(400): CodeIgniter\CodeIgniter->runController()
#3 /home/yanwardo/Documents/simoli/system/CodeIgniter.php(308): CodeIgniter\CodeIgniter->handleRequest()
#4 /home/yanwardo/Documents/simoli/public/index.php(45): CodeIgniter\CodeIgniter->run()
#5 {main}
CRITICAL - 2020-09-26 03:58:52 --> Invalid argument supplied for foreach()
#0 /home/yanwardo/Documents/simoli/app/Controllers/Monitoring.php(139): CodeIgniter\Debug\Exceptions->errorHandler()
#1 /home/yanwardo/Documents/simoli/system/CodeIgniter.php(914): App\Controllers\Monitoring->getDataMonitoring()
#2 /home/yanwardo/Documents/simoli/system/CodeIgniter.php(400): CodeIgniter\CodeIgniter->runController()
#3 /home/yanwardo/Documents/simoli/system/CodeIgniter.php(308): CodeIgniter\CodeIgniter->handleRequest()
#4 /home/yanwardo/Documents/simoli/public/index.php(45): CodeIgniter\CodeIgniter->run()
#5 {main}
CRITICAL - 2020-09-26 04:03:59 --> Invalid argument supplied for foreach()
#0 /home/yanwardo/Documents/simoli/app/Controllers/Monitoring.php(137): CodeIgniter\Debug\Exceptions->errorHandler()
#1 /home/yanwardo/Documents/simoli/system/CodeIgniter.php(914): App\Controllers\Monitoring->getDataMonitoring()
#2 /home/yanwardo/Documents/simoli/system/CodeIgniter.php(400): CodeIgniter\CodeIgniter->runController()
#3 /home/yanwardo/Documents/simoli/system/CodeIgniter.php(308): CodeIgniter\CodeIgniter->handleRequest()
#4 /home/yanwardo/Documents/simoli/public/index.php(45): CodeIgniter\CodeIgniter->run()
#5 {main}
CRITICAL - 2020-09-26 04:04:01 --> Invalid argument supplied for foreach()
#0 /home/yanwardo/Documents/simoli/app/Controllers/Monitoring.php(137): CodeIgniter\Debug\Exceptions->errorHandler()
#1 /home/yanwardo/Documents/simoli/system/CodeIgniter.php(914): App\Controllers\Monitoring->getDataMonitoring()
#2 /home/yanwardo/Documents/simoli/system/CodeIgniter.php(400): CodeIgniter\CodeIgniter->runController()
#3 /home/yanwardo/Documents/simoli/system/CodeIgniter.php(308): CodeIgniter\CodeIgniter->handleRequest()
#4 /home/yanwardo/Documents/simoli/public/index.php(45): CodeIgniter\CodeIgniter->run()
#5 {main}
CRITICAL - 2020-09-26 04:08:28 --> syntax error, unexpected end of file, expecting function (T_FUNCTION) or const (T_CONST)
#0 /home/yanwardo/Documents/simoli/system/Autoloader/Autoloader.php(296): CodeIgniter\Autoloader\Autoloader->requireFile()
#1 /home/yanwardo/Documents/simoli/system/Autoloader/Autoloader.php(258): CodeIgniter\Autoloader\Autoloader->loadInNamespace()
#2 [internal function]: CodeIgniter\Autoloader\Autoloader->loadClass()
#3 [internal function]: spl_autoload_call()
#4 /home/yanwardo/Documents/simoli/system/CodeIgniter.php(865): class_exists()
#5 /home/yanwardo/Documents/simoli/system/CodeIgniter.php(390): CodeIgniter\CodeIgniter->startController()
#6 /home/yanwardo/Documents/simoli/system/CodeIgniter.php(308): CodeIgniter\CodeIgniter->handleRequest()
#7 /home/yanwardo/Documents/simoli/public/index.php(45): CodeIgniter\CodeIgniter->run()
#8 {main}
CRITICAL - 2020-09-26 04:21:43 --> Cannot use object of type stdClass as array
#0 /home/yanwardo/Documents/simoli/system/CodeIgniter.php(914): App\Controllers\Monitoring->getDataMonitoring()
#1 /home/yanwardo/Documents/simoli/system/CodeIgniter.php(400): CodeIgniter\CodeIgniter->runController()
#2 /home/yanwardo/Documents/simoli/system/CodeIgniter.php(308): CodeIgniter\CodeIgniter->handleRequest()
#3 /home/yanwardo/Documents/simoli/public/index.php(45): CodeIgniter\CodeIgniter->run()
#4 {main}
CRITICAL - 2020-09-26 04:24:09 --> Invalid argument supplied for foreach()
#0 /home/yanwardo/Documents/simoli/app/Controllers/Monitoring.php(149): CodeIgniter\Debug\Exceptions->errorHandler()
#1 /home/yanwardo/Documents/simoli/system/CodeIgniter.php(914): App\Controllers\Monitoring->getDataMonitoring()
#2 /home/yanwardo/Documents/simoli/system/CodeIgniter.php(400): CodeIgniter\CodeIgniter->runController()
#3 /home/yanwardo/Documents/simoli/system/CodeIgniter.php(308): CodeIgniter\CodeIgniter->handleRequest()
#4 /home/yanwardo/Documents/simoli/public/index.php(45): CodeIgniter\CodeIgniter->run()
#5 {main}
