CRITICAL - 2020-10-12 10:07:31 --> Invalid argument supplied for foreach()
#0 /home/yanwardo/Documents/simoli/app/Controllers/Monitoring.php(166): CodeIgniter\Debug\Exceptions->errorHandler()
#1 /home/yanwardo/Documents/simoli/system/CodeIgniter.php(914): App\Controllers\Monitoring->getDataMonitoring()
#2 /home/yanwardo/Documents/simoli/system/CodeIgniter.php(400): CodeIgniter\CodeIgniter->runController()
#3 /home/yanwardo/Documents/simoli/system/CodeIgniter.php(308): CodeIgniter\CodeIgniter->handleRequest()
#4 /home/yanwardo/Documents/simoli/public/index.php(45): CodeIgniter\CodeIgniter->run()
#5 {main}
CRITICAL - 2020-10-12 10:07:41 --> Invalid argument supplied for foreach()
#0 /home/yanwardo/Documents/simoli/app/Controllers/Monitoring.php(166): CodeIgniter\Debug\Exceptions->errorHandler()
#1 /home/yanwardo/Documents/simoli/system/CodeIgniter.php(914): App\Controllers\Monitoring->getDataMonitoring()
#2 /home/yanwardo/Documents/simoli/system/CodeIgniter.php(400): CodeIgniter\CodeIgniter->runController()
#3 /home/yanwardo/Documents/simoli/system/CodeIgniter.php(308): CodeIgniter\CodeIgniter->handleRequest()
#4 /home/yanwardo/Documents/simoli/public/index.php(45): CodeIgniter\CodeIgniter->run()
#5 {main}
CRITICAL - 2020-10-12 13:06:56 --> Invalid argument supplied for foreach()
#0 /home/yanwardo/Documents/simoli/app/Views/sensor/index.php(37): CodeIgniter\Debug\Exceptions->errorHandler()
#1 /home/yanwardo/Documents/simoli/system/View/View.php(246): include('/home/yanwardo/...')
#2 /home/yanwardo/Documents/simoli/system/Common.php(1087): CodeIgniter\View\View->render()
#3 /home/yanwardo/Documents/simoli/app/Controllers/Sensor.php(78): view()
#4 /home/yanwardo/Documents/simoli/system/CodeIgniter.php(914): App\Controllers\Sensor->sensordet()
#5 /home/yanwardo/Documents/simoli/system/CodeIgniter.php(400): CodeIgniter\CodeIgniter->runController()
#6 /home/yanwardo/Documents/simoli/system/CodeIgniter.php(308): CodeIgniter\CodeIgniter->handleRequest()
#7 /home/yanwardo/Documents/simoli/public/index.php(45): CodeIgniter\CodeIgniter->run()
#8 {main}
CRITICAL - 2020-10-12 13:07:01 --> Invalid argument supplied for foreach()
#0 /home/yanwardo/Documents/simoli/app/Views/sensor/index.php(37): CodeIgniter\Debug\Exceptions->errorHandler()
#1 /home/yanwardo/Documents/simoli/system/View/View.php(246): include('/home/yanwardo/...')
#2 /home/yanwardo/Documents/simoli/system/Common.php(1087): CodeIgniter\View\View->render()
#3 /home/yanwardo/Documents/simoli/app/Controllers/Sensor.php(78): view()
#4 /home/yanwardo/Documents/simoli/system/CodeIgniter.php(914): App\Controllers\Sensor->sensordet()
#5 /home/yanwardo/Documents/simoli/system/CodeIgniter.php(400): CodeIgniter\CodeIgniter->runController()
#6 /home/yanwardo/Documents/simoli/system/CodeIgniter.php(308): CodeIgniter\CodeIgniter->handleRequest()
#7 /home/yanwardo/Documents/simoli/public/index.php(45): CodeIgniter\CodeIgniter->run()
#8 {main}
CRITICAL - 2020-10-12 13:07:10 --> Invalid argument supplied for foreach()
#0 /home/yanwardo/Documents/simoli/app/Views/sensor/index.php(37): CodeIgniter\Debug\Exceptions->errorHandler()
#1 /home/yanwardo/Documents/simoli/system/View/View.php(246): include('/home/yanwardo/...')
#2 /home/yanwardo/Documents/simoli/system/Common.php(1087): CodeIgniter\View\View->render()
#3 /home/yanwardo/Documents/simoli/app/Controllers/Sensor.php(78): view()
#4 /home/yanwardo/Documents/simoli/system/CodeIgniter.php(914): App\Controllers\Sensor->sensordet()
#5 /home/yanwardo/Documents/simoli/system/CodeIgniter.php(400): CodeIgniter\CodeIgniter->runController()
#6 /home/yanwardo/Documents/simoli/system/CodeIgniter.php(308): CodeIgniter\CodeIgniter->handleRequest()
#7 /home/yanwardo/Documents/simoli/public/index.php(45): CodeIgniter\CodeIgniter->run()
#8 {main}
CRITICAL - 2020-10-12 13:09:04 --> Invalid argument supplied for foreach()
#0 /home/yanwardo/Documents/simoli/app/Views/sensor/index.php(37): CodeIgniter\Debug\Exceptions->errorHandler()
#1 /home/yanwardo/Documents/simoli/system/View/View.php(246): include('/home/yanwardo/...')
#2 /home/yanwardo/Documents/simoli/system/Common.php(1087): CodeIgniter\View\View->render()
#3 /home/yanwardo/Documents/simoli/app/Controllers/Sensor.php(78): view()
#4 /home/yanwardo/Documents/simoli/system/CodeIgniter.php(914): App\Controllers\Sensor->sensordet()
#5 /home/yanwardo/Documents/simoli/system/CodeIgniter.php(400): CodeIgniter\CodeIgniter->runController()
#6 /home/yanwardo/Documents/simoli/system/CodeIgniter.php(308): CodeIgniter\CodeIgniter->handleRequest()
#7 /home/yanwardo/Documents/simoli/public/index.php(45): CodeIgniter\CodeIgniter->run()
#8 {main}
CRITICAL - 2020-10-12 13:09:05 --> Invalid argument supplied for foreach()
#0 /home/yanwardo/Documents/simoli/app/Views/sensor/index.php(37): CodeIgniter\Debug\Exceptions->errorHandler()
#1 /home/yanwardo/Documents/simoli/system/View/View.php(246): include('/home/yanwardo/...')
#2 /home/yanwardo/Documents/simoli/system/Common.php(1087): CodeIgniter\View\View->render()
#3 /home/yanwardo/Documents/simoli/app/Controllers/Sensor.php(78): view()
#4 /home/yanwardo/Documents/simoli/system/CodeIgniter.php(914): App\Controllers\Sensor->sensordet()
#5 /home/yanwardo/Documents/simoli/system/CodeIgniter.php(400): CodeIgniter\CodeIgniter->runController()
#6 /home/yanwardo/Documents/simoli/system/CodeIgniter.php(308): CodeIgniter\CodeIgniter->handleRequest()
#7 /home/yanwardo/Documents/simoli/public/index.php(45): CodeIgniter\CodeIgniter->run()
#8 {main}
CRITICAL - 2020-10-12 13:11:05 --> Invalid argument supplied for foreach()
#0 /home/yanwardo/Documents/simoli/app/Views/monitoring/grafik.php(20): CodeIgniter\Debug\Exceptions->errorHandler()
#1 /home/yanwardo/Documents/simoli/system/View/View.php(246): include('/home/yanwardo/...')
#2 /home/yanwardo/Documents/simoli/system/Common.php(1087): CodeIgniter\View\View->render()
#3 /home/yanwardo/Documents/simoli/app/Controllers/Monitoring.php(49): view()
#4 /home/yanwardo/Documents/simoli/system/CodeIgniter.php(914): App\Controllers\Monitoring->grafik()
#5 /home/yanwardo/Documents/simoli/system/CodeIgniter.php(400): CodeIgniter\CodeIgniter->runController()
#6 /home/yanwardo/Documents/simoli/system/CodeIgniter.php(308): CodeIgniter\CodeIgniter->handleRequest()
#7 /home/yanwardo/Documents/simoli/public/index.php(45): CodeIgniter\CodeIgniter->run()
#8 {main}
CRITICAL - 2020-10-12 13:34:43 --> Call to undefined method CodeIgniter\Database\MySQLi\Connection::get()
#0 /home/yanwardo/Documents/simoli/system/CodeIgniter.php(914): App\Controllers\Sensor->all()
#1 /home/yanwardo/Documents/simoli/system/CodeIgniter.php(400): CodeIgniter\CodeIgniter->runController()
#2 /home/yanwardo/Documents/simoli/system/CodeIgniter.php(308): CodeIgniter\CodeIgniter->handleRequest()
#3 /home/yanwardo/Documents/simoli/public/index.php(45): CodeIgniter\CodeIgniter->run()
#4 {main}
