CRITICAL - 2020-09-29 07:52:08 --> Invalid argument supplied for foreach()
#0 /home/yanwardo/Documents/simoli/app/Controllers/Monitoring.php(130): CodeIgniter\Debug\Exceptions->errorHandler()
#1 /home/yanwardo/Documents/simoli/system/CodeIgniter.php(914): App\Controllers\Monitoring->getDataMonitoring()
#2 /home/yanwardo/Documents/simoli/system/CodeIgniter.php(400): CodeIgniter\CodeIgniter->runController()
#3 /home/yanwardo/Documents/simoli/system/CodeIgniter.php(308): CodeIgniter\CodeIgniter->handleRequest()
#4 /home/yanwardo/Documents/simoli/public/index.php(45): CodeIgniter\CodeIgniter->run()
#5 {main}
CRITICAL - 2020-09-29 07:58:16 --> Invalid argument supplied for foreach()
#0 /home/yanwardo/Documents/simoli/app/Controllers/Monitoring.php(130): CodeIgniter\Debug\Exceptions->errorHandler()
#1 /home/yanwardo/Documents/simoli/system/CodeIgniter.php(914): App\Controllers\Monitoring->getDataMonitoring()
#2 /home/yanwardo/Documents/simoli/system/CodeIgniter.php(400): CodeIgniter\CodeIgniter->runController()
#3 /home/yanwardo/Documents/simoli/system/CodeIgniter.php(308): CodeIgniter\CodeIgniter->handleRequest()
#4 /home/yanwardo/Documents/simoli/public/index.php(45): CodeIgniter\CodeIgniter->run()
#5 {main}
CRITICAL - 2020-09-29 07:59:07 --> Invalid argument supplied for foreach()
#0 /home/yanwardo/Documents/simoli/app/Controllers/Monitoring.php(130): CodeIgniter\Debug\Exceptions->errorHandler()
#1 /home/yanwardo/Documents/simoli/system/CodeIgniter.php(914): App\Controllers\Monitoring->getDataMonitoring()
#2 /home/yanwardo/Documents/simoli/system/CodeIgniter.php(400): CodeIgniter\CodeIgniter->runController()
#3 /home/yanwardo/Documents/simoli/system/CodeIgniter.php(308): CodeIgniter\CodeIgniter->handleRequest()
#4 /home/yanwardo/Documents/simoli/public/index.php(45): CodeIgniter\CodeIgniter->run()
#5 {main}
CRITICAL - 2020-09-29 07:59:39 --> Invalid argument supplied for foreach()
#0 /home/yanwardo/Documents/simoli/app/Controllers/Monitoring.php(130): CodeIgniter\Debug\Exceptions->errorHandler()
#1 /home/yanwardo/Documents/simoli/system/CodeIgniter.php(914): App\Controllers\Monitoring->getDataMonitoring()
#2 /home/yanwardo/Documents/simoli/system/CodeIgniter.php(400): CodeIgniter\CodeIgniter->runController()
#3 /home/yanwardo/Documents/simoli/system/CodeIgniter.php(308): CodeIgniter\CodeIgniter->handleRequest()
#4 /home/yanwardo/Documents/simoli/public/index.php(45): CodeIgniter\CodeIgniter->run()
#5 {main}
CRITICAL - 2020-09-29 07:59:44 --> Invalid argument supplied for foreach()
#0 /home/yanwardo/Documents/simoli/app/Controllers/Monitoring.php(130): CodeIgniter\Debug\Exceptions->errorHandler()
#1 /home/yanwardo/Documents/simoli/system/CodeIgniter.php(914): App\Controllers\Monitoring->getDataMonitoring()
#2 /home/yanwardo/Documents/simoli/system/CodeIgniter.php(400): CodeIgniter\CodeIgniter->runController()
#3 /home/yanwardo/Documents/simoli/system/CodeIgniter.php(308): CodeIgniter\CodeIgniter->handleRequest()
#4 /home/yanwardo/Documents/simoli/public/index.php(45): CodeIgniter\CodeIgniter->run()
#5 {main}
CRITICAL - 2020-09-29 08:00:39 --> Invalid argument supplied for foreach()
#0 /home/yanwardo/Documents/simoli/app/Controllers/Monitoring.php(130): CodeIgniter\Debug\Exceptions->errorHandler()
#1 /home/yanwardo/Documents/simoli/system/CodeIgniter.php(914): App\Controllers\Monitoring->getDataMonitoring()
#2 /home/yanwardo/Documents/simoli/system/CodeIgniter.php(400): CodeIgniter\CodeIgniter->runController()
#3 /home/yanwardo/Documents/simoli/system/CodeIgniter.php(308): CodeIgniter\CodeIgniter->handleRequest()
#4 /home/yanwardo/Documents/simoli/public/index.php(45): CodeIgniter\CodeIgniter->run()
#5 {main}
CRITICAL - 2020-09-29 08:01:51 --> Invalid argument supplied for foreach()
#0 /home/yanwardo/Documents/simoli/app/Controllers/Monitoring.php(149): CodeIgniter\Debug\Exceptions->errorHandler()
#1 /home/yanwardo/Documents/simoli/system/CodeIgniter.php(914): App\Controllers\Monitoring->getDataMonitoring()
#2 /home/yanwardo/Documents/simoli/system/CodeIgniter.php(400): CodeIgniter\CodeIgniter->runController()
#3 /home/yanwardo/Documents/simoli/system/CodeIgniter.php(308): CodeIgniter\CodeIgniter->handleRequest()
#4 /home/yanwardo/Documents/simoli/public/index.php(45): CodeIgniter\CodeIgniter->run()
#5 {main}
CRITICAL - 2020-09-29 08:02:30 --> Invalid argument supplied for foreach()
#0 /home/yanwardo/Documents/simoli/app/Controllers/Monitoring.php(150): CodeIgniter\Debug\Exceptions->errorHandler()
#1 /home/yanwardo/Documents/simoli/system/CodeIgniter.php(914): App\Controllers\Monitoring->getDataMonitoring()
#2 /home/yanwardo/Documents/simoli/system/CodeIgniter.php(400): CodeIgniter\CodeIgniter->runController()
#3 /home/yanwardo/Documents/simoli/system/CodeIgniter.php(308): CodeIgniter\CodeIgniter->handleRequest()
#4 /home/yanwardo/Documents/simoli/public/index.php(45): CodeIgniter\CodeIgniter->run()
#5 {main}
CRITICAL - 2020-09-29 09:18:06 --> Invalid argument supplied for foreach()
#0 /home/yanwardo/Documents/simoli/app/Controllers/Monitoring.php(134): CodeIgniter\Debug\Exceptions->errorHandler()
#1 /home/yanwardo/Documents/simoli/system/CodeIgniter.php(914): App\Controllers\Monitoring->getDataMonitoring()
#2 /home/yanwardo/Documents/simoli/system/CodeIgniter.php(400): CodeIgniter\CodeIgniter->runController()
#3 /home/yanwardo/Documents/simoli/system/CodeIgniter.php(308): CodeIgniter\CodeIgniter->handleRequest()
#4 /home/yanwardo/Documents/simoli/public/index.php(45): CodeIgniter\CodeIgniter->run()
#5 {main}
CRITICAL - 2020-09-29 09:34:35 --> Invalid argument supplied for foreach()
#0 /home/yanwardo/Documents/simoli/app/Controllers/Monitoring.php(131): CodeIgniter\Debug\Exceptions->errorHandler()
#1 /home/yanwardo/Documents/simoli/system/CodeIgniter.php(914): App\Controllers\Monitoring->getDataMonitoring()
#2 /home/yanwardo/Documents/simoli/system/CodeIgniter.php(400): CodeIgniter\CodeIgniter->runController()
#3 /home/yanwardo/Documents/simoli/system/CodeIgniter.php(308): CodeIgniter\CodeIgniter->handleRequest()
#4 /home/yanwardo/Documents/simoli/public/index.php(45): CodeIgniter\CodeIgniter->run()
#5 {main}
CRITICAL - 2020-09-29 10:09:17 --> Invalid argument supplied for foreach()
#0 /home/yanwardo/Documents/simoli/app/Controllers/Monitoring.php(138): CodeIgniter\Debug\Exceptions->errorHandler()
#1 /home/yanwardo/Documents/simoli/system/CodeIgniter.php(914): App\Controllers\Monitoring->getDataMonitoring()
#2 /home/yanwardo/Documents/simoli/system/CodeIgniter.php(400): CodeIgniter\CodeIgniter->runController()
#3 /home/yanwardo/Documents/simoli/system/CodeIgniter.php(308): CodeIgniter\CodeIgniter->handleRequest()
#4 /home/yanwardo/Documents/simoli/public/index.php(45): CodeIgniter\CodeIgniter->run()
#5 {main}
CRITICAL - 2020-09-29 10:15:58 --> Invalid argument supplied for foreach()
#0 /home/yanwardo/Documents/simoli/app/Controllers/Monitoring.php(138): CodeIgniter\Debug\Exceptions->errorHandler()
#1 /home/yanwardo/Documents/simoli/system/CodeIgniter.php(914): App\Controllers\Monitoring->getDataMonitoring()
#2 /home/yanwardo/Documents/simoli/system/CodeIgniter.php(400): CodeIgniter\CodeIgniter->runController()
#3 /home/yanwardo/Documents/simoli/system/CodeIgniter.php(308): CodeIgniter\CodeIgniter->handleRequest()
#4 /home/yanwardo/Documents/simoli/public/index.php(45): CodeIgniter\CodeIgniter->run()
#5 {main}
CRITICAL - 2020-09-29 17:51:17 --> Invalid argument supplied for foreach()
#0 /home/yanwardo/Documents/simoli/app/Controllers/Monitoring.php(138): CodeIgniter\Debug\Exceptions->errorHandler()
#1 /home/yanwardo/Documents/simoli/system/CodeIgniter.php(914): App\Controllers\Monitoring->getDataMonitoring()
#2 /home/yanwardo/Documents/simoli/system/CodeIgniter.php(400): CodeIgniter\CodeIgniter->runController()
#3 /home/yanwardo/Documents/simoli/system/CodeIgniter.php(308): CodeIgniter\CodeIgniter->handleRequest()
#4 /home/yanwardo/Documents/simoli/public/index.php(45): CodeIgniter\CodeIgniter->run()
#5 {main}
CRITICAL - 2020-09-29 17:51:26 --> Invalid argument supplied for foreach()
#0 /home/yanwardo/Documents/simoli/app/Controllers/Monitoring.php(154): CodeIgniter\Debug\Exceptions->errorHandler()
#1 /home/yanwardo/Documents/simoli/system/CodeIgniter.php(914): App\Controllers\Monitoring->getDataMonitoring()
#2 /home/yanwardo/Documents/simoli/system/CodeIgniter.php(400): CodeIgniter\CodeIgniter->runController()
#3 /home/yanwardo/Documents/simoli/system/CodeIgniter.php(308): CodeIgniter\CodeIgniter->handleRequest()
#4 /home/yanwardo/Documents/simoli/public/index.php(45): CodeIgniter\CodeIgniter->run()
#5 {main}
CRITICAL - 2020-09-29 17:51:56 --> Invalid argument supplied for foreach()
#0 /home/yanwardo/Documents/simoli/app/Controllers/Monitoring.php(154): CodeIgniter\Debug\Exceptions->errorHandler()
#1 /home/yanwardo/Documents/simoli/system/CodeIgniter.php(914): App\Controllers\Monitoring->getDataMonitoring()
#2 /home/yanwardo/Documents/simoli/system/CodeIgniter.php(400): CodeIgniter\CodeIgniter->runController()
#3 /home/yanwardo/Documents/simoli/system/CodeIgniter.php(308): CodeIgniter\CodeIgniter->handleRequest()
#4 /home/yanwardo/Documents/simoli/public/index.php(45): CodeIgniter\CodeIgniter->run()
#5 {main}
