CRITICAL - 2020-08-09 01:01:55 --> Undefined variable: monitoring
#0 /mnt/common/devweb/kpkevin/app/Controllers/Monitoring.php(91): CodeIgniter\Debug\Exceptions->errorHandler()
#1 /mnt/common/devweb/kpkevin/system/CodeIgniter.php(914): App\Controllers\Monitoring->getDataMonitoring()
#2 /mnt/common/devweb/kpkevin/system/CodeIgniter.php(400): CodeIgniter\CodeIgniter->runController()
#3 /mnt/common/devweb/kpkevin/system/CodeIgniter.php(308): CodeIgniter\CodeIgniter->handleRequest()
#4 /mnt/common/devweb/kpkevin/public/index.php(45): CodeIgniter\CodeIgniter->run()
#5 {main}
CRITICAL - 2020-08-09 01:02:27 --> Undefined variable: monitoring
#0 /mnt/common/devweb/kpkevin/app/Controllers/Monitoring.php(91): CodeIgniter\Debug\Exceptions->errorHandler()
#1 /mnt/common/devweb/kpkevin/system/CodeIgniter.php(914): App\Controllers\Monitoring->getDataMonitoring()
#2 /mnt/common/devweb/kpkevin/system/CodeIgniter.php(400): CodeIgniter\CodeIgniter->runController()
#3 /mnt/common/devweb/kpkevin/system/CodeIgniter.php(308): CodeIgniter\CodeIgniter->handleRequest()
#4 /mnt/common/devweb/kpkevin/public/index.php(45): CodeIgniter\CodeIgniter->run()
#5 {main}
CRITICAL - 2020-08-09 01:02:52 --> syntax error, unexpected '}'
#0 /mnt/common/devweb/kpkevin/system/Autoloader/Autoloader.php(296): CodeIgniter\Autoloader\Autoloader->requireFile()
#1 /mnt/common/devweb/kpkevin/system/Autoloader/Autoloader.php(258): CodeIgniter\Autoloader\Autoloader->loadInNamespace()
#2 [internal function]: CodeIgniter\Autoloader\Autoloader->loadClass()
#3 [internal function]: spl_autoload_call()
#4 /mnt/common/devweb/kpkevin/system/CodeIgniter.php(865): class_exists()
#5 /mnt/common/devweb/kpkevin/system/CodeIgniter.php(390): CodeIgniter\CodeIgniter->startController()
#6 /mnt/common/devweb/kpkevin/system/CodeIgniter.php(308): CodeIgniter\CodeIgniter->handleRequest()
#7 /mnt/common/devweb/kpkevin/public/index.php(45): CodeIgniter\CodeIgniter->run()
#8 {main}
CRITICAL - 2020-08-09 01:05:46 --> Argument 1 passed to CodeIgniter\Database\BaseResult::getResult() must be of the type string, null given, called in /mnt/common/devweb/kpkevin/system/Model.php on line 447
#0 /mnt/common/devweb/kpkevin/system/Model.php(447): CodeIgniter\Database\BaseResult->getResult()
#1 /mnt/common/devweb/kpkevin/app/Controllers/Monitoring.php(92): CodeIgniter\Model->findAll()
#2 /mnt/common/devweb/kpkevin/system/CodeIgniter.php(914): App\Controllers\Monitoring->getDataMonitoring()
#3 /mnt/common/devweb/kpkevin/system/CodeIgniter.php(400): CodeIgniter\CodeIgniter->runController()
#4 /mnt/common/devweb/kpkevin/system/CodeIgniter.php(308): CodeIgniter\CodeIgniter->handleRequest()
#5 /mnt/common/devweb/kpkevin/public/index.php(45): CodeIgniter\CodeIgniter->run()
#6 {main}
CRITICAL - 2020-08-09 01:07:29 --> Argument 1 passed to CodeIgniter\Database\BaseResult::getResult() must be of the type string, null given, called in /mnt/common/devweb/kpkevin/system/Model.php on line 447
#0 /mnt/common/devweb/kpkevin/system/Model.php(447): CodeIgniter\Database\BaseResult->getResult()
#1 /mnt/common/devweb/kpkevin/app/Controllers/Monitoring.php(92): CodeIgniter\Model->findAll()
#2 /mnt/common/devweb/kpkevin/system/CodeIgniter.php(914): App\Controllers\Monitoring->getDataMonitoring()
#3 /mnt/common/devweb/kpkevin/system/CodeIgniter.php(400): CodeIgniter\CodeIgniter->runController()
#4 /mnt/common/devweb/kpkevin/system/CodeIgniter.php(308): CodeIgniter\CodeIgniter->handleRequest()
#5 /mnt/common/devweb/kpkevin/public/index.php(45): CodeIgniter\CodeIgniter->run()
#6 {main}
CRITICAL - 2020-08-09 01:16:58 --> You have an error in your SQL syntax; check the manual that corresponds to your MySQL server version for the right syntax to use near '23:59:59' at line 1
#0 /mnt/common/devweb/kpkevin/system/Database/MySQLi/Connection.php(331): mysqli->query()
#1 /mnt/common/devweb/kpkevin/system/Database/BaseConnection.php(738): CodeIgniter\Database\MySQLi\Connection->execute()
#2 /mnt/common/devweb/kpkevin/system/Database/BaseConnection.php(666): CodeIgniter\Database\BaseConnection->simpleQuery()
#3 /mnt/common/devweb/kpkevin/app/Controllers/Monitoring.php(92): CodeIgniter\Database\BaseConnection->query()
#4 /mnt/common/devweb/kpkevin/system/CodeIgniter.php(914): App\Controllers\Monitoring->getDataMonitoring()
#5 /mnt/common/devweb/kpkevin/system/CodeIgniter.php(400): CodeIgniter\CodeIgniter->runController()
#6 /mnt/common/devweb/kpkevin/system/CodeIgniter.php(308): CodeIgniter\CodeIgniter->handleRequest()
#7 /mnt/common/devweb/kpkevin/public/index.php(45): CodeIgniter\CodeIgniter->run()
#8 {main}
CRITICAL - 2020-08-09 01:28:07 --> Undefined variable: wo
#0 /mnt/common/devweb/kpkevin/app/Controllers/Monitoring.php(95): CodeIgniter\Debug\Exceptions->errorHandler()
#1 /mnt/common/devweb/kpkevin/system/CodeIgniter.php(914): App\Controllers\Monitoring->getDataMonitoring()
#2 /mnt/common/devweb/kpkevin/system/CodeIgniter.php(400): CodeIgniter\CodeIgniter->runController()
#3 /mnt/common/devweb/kpkevin/system/CodeIgniter.php(308): CodeIgniter\CodeIgniter->handleRequest()
#4 /mnt/common/devweb/kpkevin/public/index.php(45): CodeIgniter\CodeIgniter->run()
#5 {main}
