CRITICAL - 2020-09-25 01:04:15 --> Invalid argument supplied for foreach()
#0 /home/yanwardo/Documents/simoli/app/Views/monitoring/grafik.php(20): CodeIgniter\Debug\Exceptions->errorHandler()
#1 /home/yanwardo/Documents/simoli/system/View/View.php(246): include('/home/yanwardo/...')
#2 /home/yanwardo/Documents/simoli/system/Common.php(1087): CodeIgniter\View\View->render()
#3 /home/yanwardo/Documents/simoli/app/Controllers/Monitoring.php(48): view()
#4 /home/yanwardo/Documents/simoli/system/CodeIgniter.php(914): App\Controllers\Monitoring->grafik()
#5 /home/yanwardo/Documents/simoli/system/CodeIgniter.php(400): CodeIgniter\CodeIgniter->runController()
#6 /home/yanwardo/Documents/simoli/system/CodeIgniter.php(308): CodeIgniter\CodeIgniter->handleRequest()
#7 /home/yanwardo/Documents/simoli/public/index.php(45): CodeIgniter\CodeIgniter->run()
#8 {main}
CRITICAL - 2020-09-25 01:05:26 --> Invalid argument supplied for foreach()
#0 /home/yanwardo/Documents/simoli/app/Views/monitoring/grafik.php(20): CodeIgniter\Debug\Exceptions->errorHandler()
#1 /home/yanwardo/Documents/simoli/system/View/View.php(246): include('/home/yanwardo/...')
#2 /home/yanwardo/Documents/simoli/system/Common.php(1087): CodeIgniter\View\View->render()
#3 /home/yanwardo/Documents/simoli/app/Controllers/Monitoring.php(48): view()
#4 /home/yanwardo/Documents/simoli/system/CodeIgniter.php(914): App\Controllers\Monitoring->grafik()
#5 /home/yanwardo/Documents/simoli/system/CodeIgniter.php(400): CodeIgniter\CodeIgniter->runController()
#6 /home/yanwardo/Documents/simoli/system/CodeIgniter.php(308): CodeIgniter\CodeIgniter->handleRequest()
#7 /home/yanwardo/Documents/simoli/public/index.php(45): CodeIgniter\CodeIgniter->run()
#8 {main}
CRITICAL - 2020-09-25 01:05:35 --> Invalid argument supplied for foreach()
#0 /home/yanwardo/Documents/simoli/app/Views/monitoring/grafik.php(20): CodeIgniter\Debug\Exceptions->errorHandler()
#1 /home/yanwardo/Documents/simoli/system/View/View.php(246): include('/home/yanwardo/...')
#2 /home/yanwardo/Documents/simoli/system/Common.php(1087): CodeIgniter\View\View->render()
#3 /home/yanwardo/Documents/simoli/app/Controllers/Monitoring.php(48): view()
#4 /home/yanwardo/Documents/simoli/system/CodeIgniter.php(914): App\Controllers\Monitoring->grafik()
#5 /home/yanwardo/Documents/simoli/system/CodeIgniter.php(400): CodeIgniter\CodeIgniter->runController()
#6 /home/yanwardo/Documents/simoli/system/CodeIgniter.php(308): CodeIgniter\CodeIgniter->handleRequest()
#7 /home/yanwardo/Documents/simoli/public/index.php(45): CodeIgniter\CodeIgniter->run()
#8 {main}
CRITICAL - 2020-09-25 01:06:28 --> Invalid argument supplied for foreach()
#0 /home/yanwardo/Documents/simoli/app/Views/monitoring/grafik.php(20): CodeIgniter\Debug\Exceptions->errorHandler()
#1 /home/yanwardo/Documents/simoli/system/View/View.php(246): include('/home/yanwardo/...')
#2 /home/yanwardo/Documents/simoli/system/Common.php(1087): CodeIgniter\View\View->render()
#3 /home/yanwardo/Documents/simoli/app/Controllers/Monitoring.php(48): view()
#4 /home/yanwardo/Documents/simoli/system/CodeIgniter.php(914): App\Controllers\Monitoring->grafik()
#5 /home/yanwardo/Documents/simoli/system/CodeIgniter.php(400): CodeIgniter\CodeIgniter->runController()
#6 /home/yanwardo/Documents/simoli/system/CodeIgniter.php(308): CodeIgniter\CodeIgniter->handleRequest()
#7 /home/yanwardo/Documents/simoli/public/index.php(45): CodeIgniter\CodeIgniter->run()
#8 {main}
CRITICAL - 2020-09-25 01:06:45 --> Invalid argument supplied for foreach()
#0 /home/yanwardo/Documents/simoli/app/Views/monitoring/grafik.php(20): CodeIgniter\Debug\Exceptions->errorHandler()
#1 /home/yanwardo/Documents/simoli/system/View/View.php(246): include('/home/yanwardo/...')
#2 /home/yanwardo/Documents/simoli/system/Common.php(1087): CodeIgniter\View\View->render()
#3 /home/yanwardo/Documents/simoli/app/Controllers/Monitoring.php(50): view()
#4 /home/yanwardo/Documents/simoli/system/CodeIgniter.php(914): App\Controllers\Monitoring->grafik()
#5 /home/yanwardo/Documents/simoli/system/CodeIgniter.php(400): CodeIgniter\CodeIgniter->runController()
#6 /home/yanwardo/Documents/simoli/system/CodeIgniter.php(308): CodeIgniter\CodeIgniter->handleRequest()
#7 /home/yanwardo/Documents/simoli/public/index.php(45): CodeIgniter\CodeIgniter->run()
#8 {main}
CRITICAL - 2020-09-25 01:07:53 --> Invalid argument supplied for foreach()
#0 /home/yanwardo/Documents/simoli/app/Views/monitoring/grafik.php(20): CodeIgniter\Debug\Exceptions->errorHandler()
#1 /home/yanwardo/Documents/simoli/system/View/View.php(246): include('/home/yanwardo/...')
#2 /home/yanwardo/Documents/simoli/system/Common.php(1087): CodeIgniter\View\View->render()
#3 /home/yanwardo/Documents/simoli/app/Controllers/Monitoring.php(49): view()
#4 /home/yanwardo/Documents/simoli/system/CodeIgniter.php(914): App\Controllers\Monitoring->grafik()
#5 /home/yanwardo/Documents/simoli/system/CodeIgniter.php(400): CodeIgniter\CodeIgniter->runController()
#6 /home/yanwardo/Documents/simoli/system/CodeIgniter.php(308): CodeIgniter\CodeIgniter->handleRequest()
#7 /home/yanwardo/Documents/simoli/public/index.php(45): CodeIgniter\CodeIgniter->run()
#8 {main}
CRITICAL - 2020-09-25 01:08:17 --> Invalid argument supplied for foreach()
#0 /home/yanwardo/Documents/simoli/app/Views/monitoring/grafik.php(20): CodeIgniter\Debug\Exceptions->errorHandler()
#1 /home/yanwardo/Documents/simoli/system/View/View.php(246): include('/home/yanwardo/...')
#2 /home/yanwardo/Documents/simoli/system/Common.php(1087): CodeIgniter\View\View->render()
#3 /home/yanwardo/Documents/simoli/app/Controllers/Monitoring.php(49): view()
#4 /home/yanwardo/Documents/simoli/system/CodeIgniter.php(914): App\Controllers\Monitoring->grafik()
#5 /home/yanwardo/Documents/simoli/system/CodeIgniter.php(400): CodeIgniter\CodeIgniter->runController()
#6 /home/yanwardo/Documents/simoli/system/CodeIgniter.php(308): CodeIgniter\CodeIgniter->handleRequest()
#7 /home/yanwardo/Documents/simoli/public/index.php(45): CodeIgniter\CodeIgniter->run()
#8 {main}
CRITICAL - 2020-09-25 01:09:51 --> Invalid argument supplied for foreach()
#0 /home/yanwardo/Documents/simoli/app/Views/monitoring/grafik.php(20): CodeIgniter\Debug\Exceptions->errorHandler()
#1 /home/yanwardo/Documents/simoli/system/View/View.php(246): include('/home/yanwardo/...')
#2 /home/yanwardo/Documents/simoli/system/Common.php(1087): CodeIgniter\View\View->render()
#3 /home/yanwardo/Documents/simoli/app/Controllers/Monitoring.php(50): view()
#4 /home/yanwardo/Documents/simoli/system/CodeIgniter.php(914): App\Controllers\Monitoring->grafik()
#5 /home/yanwardo/Documents/simoli/system/CodeIgniter.php(400): CodeIgniter\CodeIgniter->runController()
#6 /home/yanwardo/Documents/simoli/system/CodeIgniter.php(308): CodeIgniter\CodeIgniter->handleRequest()
#7 /home/yanwardo/Documents/simoli/public/index.php(45): CodeIgniter\CodeIgniter->run()
#8 {main}
CRITICAL - 2020-09-25 01:09:52 --> Invalid argument supplied for foreach()
#0 /home/yanwardo/Documents/simoli/app/Views/monitoring/grafik.php(20): CodeIgniter\Debug\Exceptions->errorHandler()
#1 /home/yanwardo/Documents/simoli/system/View/View.php(246): include('/home/yanwardo/...')
#2 /home/yanwardo/Documents/simoli/system/Common.php(1087): CodeIgniter\View\View->render()
#3 /home/yanwardo/Documents/simoli/app/Controllers/Monitoring.php(50): view()
#4 /home/yanwardo/Documents/simoli/system/CodeIgniter.php(914): App\Controllers\Monitoring->grafik()
#5 /home/yanwardo/Documents/simoli/system/CodeIgniter.php(400): CodeIgniter\CodeIgniter->runController()
#6 /home/yanwardo/Documents/simoli/system/CodeIgniter.php(308): CodeIgniter\CodeIgniter->handleRequest()
#7 /home/yanwardo/Documents/simoli/public/index.php(45): CodeIgniter\CodeIgniter->run()
#8 {main}
CRITICAL - 2020-09-25 01:09:54 --> Invalid argument supplied for foreach()
#0 /home/yanwardo/Documents/simoli/app/Views/monitoring/grafik.php(20): CodeIgniter\Debug\Exceptions->errorHandler()
#1 /home/yanwardo/Documents/simoli/system/View/View.php(246): include('/home/yanwardo/...')
#2 /home/yanwardo/Documents/simoli/system/Common.php(1087): CodeIgniter\View\View->render()
#3 /home/yanwardo/Documents/simoli/app/Controllers/Monitoring.php(50): view()
#4 /home/yanwardo/Documents/simoli/system/CodeIgniter.php(914): App\Controllers\Monitoring->grafik()
#5 /home/yanwardo/Documents/simoli/system/CodeIgniter.php(400): CodeIgniter\CodeIgniter->runController()
#6 /home/yanwardo/Documents/simoli/system/CodeIgniter.php(308): CodeIgniter\CodeIgniter->handleRequest()
#7 /home/yanwardo/Documents/simoli/public/index.php(45): CodeIgniter\CodeIgniter->run()
#8 {main}
CRITICAL - 2020-09-25 01:10:10 --> Invalid argument supplied for foreach()
#0 /home/yanwardo/Documents/simoli/app/Views/monitoring/grafik.php(20): CodeIgniter\Debug\Exceptions->errorHandler()
#1 /home/yanwardo/Documents/simoli/system/View/View.php(246): include('/home/yanwardo/...')
#2 /home/yanwardo/Documents/simoli/system/Common.php(1087): CodeIgniter\View\View->render()
#3 /home/yanwardo/Documents/simoli/app/Controllers/Monitoring.php(50): view()
#4 /home/yanwardo/Documents/simoli/system/CodeIgniter.php(914): App\Controllers\Monitoring->grafik()
#5 /home/yanwardo/Documents/simoli/system/CodeIgniter.php(400): CodeIgniter\CodeIgniter->runController()
#6 /home/yanwardo/Documents/simoli/system/CodeIgniter.php(308): CodeIgniter\CodeIgniter->handleRequest()
#7 /home/yanwardo/Documents/simoli/public/index.php(45): CodeIgniter\CodeIgniter->run()
#8 {main}
CRITICAL - 2020-09-25 01:12:22 --> Invalid argument supplied for foreach()
#0 /home/yanwardo/Documents/simoli/app/Views/monitoring/grafik.php(20): CodeIgniter\Debug\Exceptions->errorHandler()
#1 /home/yanwardo/Documents/simoli/system/View/View.php(246): include('/home/yanwardo/...')
#2 /home/yanwardo/Documents/simoli/system/Common.php(1087): CodeIgniter\View\View->render()
#3 /home/yanwardo/Documents/simoli/app/Controllers/Monitoring.php(50): view()
#4 /home/yanwardo/Documents/simoli/system/CodeIgniter.php(914): App\Controllers\Monitoring->grafik()
#5 /home/yanwardo/Documents/simoli/system/CodeIgniter.php(400): CodeIgniter\CodeIgniter->runController()
#6 /home/yanwardo/Documents/simoli/system/CodeIgniter.php(308): CodeIgniter\CodeIgniter->handleRequest()
#7 /home/yanwardo/Documents/simoli/public/index.php(45): CodeIgniter\CodeIgniter->run()
#8 {main}
CRITICAL - 2020-09-25 01:12:38 --> Invalid argument supplied for foreach()
#0 /home/yanwardo/Documents/simoli/app/Views/monitoring/grafik.php(20): CodeIgniter\Debug\Exceptions->errorHandler()
#1 /home/yanwardo/Documents/simoli/system/View/View.php(246): include('/home/yanwardo/...')
#2 /home/yanwardo/Documents/simoli/system/Common.php(1087): CodeIgniter\View\View->render()
#3 /home/yanwardo/Documents/simoli/app/Controllers/Monitoring.php(50): view()
#4 /home/yanwardo/Documents/simoli/system/CodeIgniter.php(914): App\Controllers\Monitoring->grafik()
#5 /home/yanwardo/Documents/simoli/system/CodeIgniter.php(400): CodeIgniter\CodeIgniter->runController()
#6 /home/yanwardo/Documents/simoli/system/CodeIgniter.php(308): CodeIgniter\CodeIgniter->handleRequest()
#7 /home/yanwardo/Documents/simoli/public/index.php(45): CodeIgniter\CodeIgniter->run()
#8 {main}
CRITICAL - 2020-09-25 01:13:16 --> Call to undefined function PHPSTORM_META\type()
#0 /home/yanwardo/Documents/simoli/system/CodeIgniter.php(914): App\Controllers\Monitoring->grafik()
#1 /home/yanwardo/Documents/simoli/system/CodeIgniter.php(400): CodeIgniter\CodeIgniter->runController()
#2 /home/yanwardo/Documents/simoli/system/CodeIgniter.php(308): CodeIgniter\CodeIgniter->handleRequest()
#3 /home/yanwardo/Documents/simoli/public/index.php(45): CodeIgniter\CodeIgniter->run()
#4 {main}
CRITICAL - 2020-09-25 01:13:40 --> Call to undefined function PHPSTORM_META\type()
#0 /home/yanwardo/Documents/simoli/system/CodeIgniter.php(914): App\Controllers\Monitoring->grafik()
#1 /home/yanwardo/Documents/simoli/system/CodeIgniter.php(400): CodeIgniter\CodeIgniter->runController()
#2 /home/yanwardo/Documents/simoli/system/CodeIgniter.php(308): CodeIgniter\CodeIgniter->handleRequest()
#3 /home/yanwardo/Documents/simoli/public/index.php(45): CodeIgniter\CodeIgniter->run()
#4 {main}
