CRITICAL - 2020-09-30 05:18:52 --> Invalid argument supplied for foreach()
#0 /home/yanwardo/Documents/simoli/app/Controllers/Monitoring.php(138): CodeIgniter\Debug\Exceptions->errorHandler()
#1 /home/yanwardo/Documents/simoli/system/CodeIgniter.php(914): App\Controllers\Monitoring->getDataMonitoring()
#2 /home/yanwardo/Documents/simoli/system/CodeIgniter.php(400): CodeIgniter\CodeIgniter->runController()
#3 /home/yanwardo/Documents/simoli/system/CodeIgniter.php(308): CodeIgniter\CodeIgniter->handleRequest()
#4 /home/yanwardo/Documents/simoli/public/index.php(45): CodeIgniter\CodeIgniter->run()
#5 {main}
CRITICAL - 2020-09-30 06:27:04 --> Invalid argument supplied for foreach()
#0 /home/yanwardo/Documents/simoli/app/Controllers/Monitoring.php(138): CodeIgniter\Debug\Exceptions->errorHandler()
#1 /home/yanwardo/Documents/simoli/system/CodeIgniter.php(914): App\Controllers\Monitoring->getDataMonitoring()
#2 /home/yanwardo/Documents/simoli/system/CodeIgniter.php(400): CodeIgniter\CodeIgniter->runController()
#3 /home/yanwardo/Documents/simoli/system/CodeIgniter.php(308): CodeIgniter\CodeIgniter->handleRequest()
#4 /home/yanwardo/Documents/simoli/public/index.php(45): CodeIgniter\CodeIgniter->run()
#5 {main}
CRITICAL - 2020-09-30 06:27:48 --> Invalid argument supplied for foreach()
#0 /home/yanwardo/Documents/simoli/app/Controllers/Monitoring.php(154): CodeIgniter\Debug\Exceptions->errorHandler()
#1 /home/yanwardo/Documents/simoli/system/CodeIgniter.php(914): App\Controllers\Monitoring->getDataMonitoring()
#2 /home/yanwardo/Documents/simoli/system/CodeIgniter.php(400): CodeIgniter\CodeIgniter->runController()
#3 /home/yanwardo/Documents/simoli/system/CodeIgniter.php(308): CodeIgniter\CodeIgniter->handleRequest()
#4 /home/yanwardo/Documents/simoli/public/index.php(45): CodeIgniter\CodeIgniter->run()
#5 {main}
CRITICAL - 2020-09-30 06:28:21 --> Invalid argument supplied for foreach()
#0 /home/yanwardo/Documents/simoli/app/Controllers/Monitoring.php(138): CodeIgniter\Debug\Exceptions->errorHandler()
#1 /home/yanwardo/Documents/simoli/system/CodeIgniter.php(914): App\Controllers\Monitoring->getDataMonitoring()
#2 /home/yanwardo/Documents/simoli/system/CodeIgniter.php(400): CodeIgniter\CodeIgniter->runController()
#3 /home/yanwardo/Documents/simoli/system/CodeIgniter.php(308): CodeIgniter\CodeIgniter->handleRequest()
#4 /home/yanwardo/Documents/simoli/public/index.php(45): CodeIgniter\CodeIgniter->run()
#5 {main}
CRITICAL - 2020-09-30 06:28:23 --> json_decode() expects parameter 1 to be string, array given
#0 [internal function]: CodeIgniter\Debug\Exceptions->errorHandler()
#1 /home/yanwardo/Documents/simoli/app/Controllers/Monitoring.php(105): json_decode()
#2 /home/yanwardo/Documents/simoli/system/CodeIgniter.php(914): App\Controllers\Monitoring->getDataMonitoring()
#3 /home/yanwardo/Documents/simoli/system/CodeIgniter.php(400): CodeIgniter\CodeIgniter->runController()
#4 /home/yanwardo/Documents/simoli/system/CodeIgniter.php(308): CodeIgniter\CodeIgniter->handleRequest()
#5 /home/yanwardo/Documents/simoli/public/index.php(45): CodeIgniter\CodeIgniter->run()
#6 {main}
CRITICAL - 2020-09-30 06:28:47 --> json_decode() expects parameter 1 to be string, array given
#0 [internal function]: CodeIgniter\Debug\Exceptions->errorHandler()
#1 /home/yanwardo/Documents/simoli/app/Controllers/Monitoring.php(105): json_decode()
#2 /home/yanwardo/Documents/simoli/system/CodeIgniter.php(914): App\Controllers\Monitoring->getDataMonitoring()
#3 /home/yanwardo/Documents/simoli/system/CodeIgniter.php(400): CodeIgniter\CodeIgniter->runController()
#4 /home/yanwardo/Documents/simoli/system/CodeIgniter.php(308): CodeIgniter\CodeIgniter->handleRequest()
#5 /home/yanwardo/Documents/simoli/public/index.php(45): CodeIgniter\CodeIgniter->run()
#6 {main}
CRITICAL - 2020-09-30 06:29:03 --> json_decode() expects parameter 1 to be string, array given
#0 [internal function]: CodeIgniter\Debug\Exceptions->errorHandler()
#1 /home/yanwardo/Documents/simoli/app/Controllers/Monitoring.php(105): json_decode()
#2 /home/yanwardo/Documents/simoli/system/CodeIgniter.php(914): App\Controllers\Monitoring->getDataMonitoring()
#3 /home/yanwardo/Documents/simoli/system/CodeIgniter.php(400): CodeIgniter\CodeIgniter->runController()
#4 /home/yanwardo/Documents/simoli/system/CodeIgniter.php(308): CodeIgniter\CodeIgniter->handleRequest()
#5 /home/yanwardo/Documents/simoli/public/index.php(45): CodeIgniter\CodeIgniter->run()
#6 {main}
CRITICAL - 2020-09-30 06:33:37 --> Invalid argument supplied for foreach()
#0 /home/yanwardo/Documents/simoli/app/Controllers/Monitoring.php(142): CodeIgniter\Debug\Exceptions->errorHandler()
#1 /home/yanwardo/Documents/simoli/system/CodeIgniter.php(914): App\Controllers\Monitoring->getDataMonitoring()
#2 /home/yanwardo/Documents/simoli/system/CodeIgniter.php(400): CodeIgniter\CodeIgniter->runController()
#3 /home/yanwardo/Documents/simoli/system/CodeIgniter.php(308): CodeIgniter\CodeIgniter->handleRequest()
#4 /home/yanwardo/Documents/simoli/public/index.php(45): CodeIgniter\CodeIgniter->run()
#5 {main}
CRITICAL - 2020-09-30 06:33:47 --> Invalid argument supplied for foreach()
#0 /home/yanwardo/Documents/simoli/app/Controllers/Monitoring.php(142): CodeIgniter\Debug\Exceptions->errorHandler()
#1 /home/yanwardo/Documents/simoli/system/CodeIgniter.php(914): App\Controllers\Monitoring->getDataMonitoring()
#2 /home/yanwardo/Documents/simoli/system/CodeIgniter.php(400): CodeIgniter\CodeIgniter->runController()
#3 /home/yanwardo/Documents/simoli/system/CodeIgniter.php(308): CodeIgniter\CodeIgniter->handleRequest()
#4 /home/yanwardo/Documents/simoli/public/index.php(45): CodeIgniter\CodeIgniter->run()
#5 {main}
CRITICAL - 2020-09-30 06:35:28 --> Invalid argument supplied for foreach()
#0 /home/yanwardo/Documents/simoli/app/Controllers/Monitoring.php(142): CodeIgniter\Debug\Exceptions->errorHandler()
#1 /home/yanwardo/Documents/simoli/system/CodeIgniter.php(914): App\Controllers\Monitoring->getDataMonitoring()
#2 /home/yanwardo/Documents/simoli/system/CodeIgniter.php(400): CodeIgniter\CodeIgniter->runController()
#3 /home/yanwardo/Documents/simoli/system/CodeIgniter.php(308): CodeIgniter\CodeIgniter->handleRequest()
#4 /home/yanwardo/Documents/simoli/public/index.php(45): CodeIgniter\CodeIgniter->run()
#5 {main}
CRITICAL - 2020-09-30 06:36:16 --> Invalid argument supplied for foreach()
#0 /home/yanwardo/Documents/simoli/app/Controllers/Monitoring.php(142): CodeIgniter\Debug\Exceptions->errorHandler()
#1 /home/yanwardo/Documents/simoli/system/CodeIgniter.php(914): App\Controllers\Monitoring->getDataMonitoring()
#2 /home/yanwardo/Documents/simoli/system/CodeIgniter.php(400): CodeIgniter\CodeIgniter->runController()
#3 /home/yanwardo/Documents/simoli/system/CodeIgniter.php(308): CodeIgniter\CodeIgniter->handleRequest()
#4 /home/yanwardo/Documents/simoli/public/index.php(45): CodeIgniter\CodeIgniter->run()
#5 {main}
CRITICAL - 2020-09-30 06:37:28 --> Invalid argument supplied for foreach()
#0 /home/yanwardo/Documents/simoli/app/Controllers/Monitoring.php(148): CodeIgniter\Debug\Exceptions->errorHandler()
#1 /home/yanwardo/Documents/simoli/system/CodeIgniter.php(914): App\Controllers\Monitoring->getDataMonitoring()
#2 /home/yanwardo/Documents/simoli/system/CodeIgniter.php(400): CodeIgniter\CodeIgniter->runController()
#3 /home/yanwardo/Documents/simoli/system/CodeIgniter.php(308): CodeIgniter\CodeIgniter->handleRequest()
#4 /home/yanwardo/Documents/simoli/public/index.php(45): CodeIgniter\CodeIgniter->run()
#5 {main}
CRITICAL - 2020-09-30 06:37:46 --> Invalid argument supplied for foreach()
#0 /home/yanwardo/Documents/simoli/app/Controllers/Monitoring.php(150): CodeIgniter\Debug\Exceptions->errorHandler()
#1 /home/yanwardo/Documents/simoli/system/CodeIgniter.php(914): App\Controllers\Monitoring->getDataMonitoring()
#2 /home/yanwardo/Documents/simoli/system/CodeIgniter.php(400): CodeIgniter\CodeIgniter->runController()
#3 /home/yanwardo/Documents/simoli/system/CodeIgniter.php(308): CodeIgniter\CodeIgniter->handleRequest()
#4 /home/yanwardo/Documents/simoli/public/index.php(45): CodeIgniter\CodeIgniter->run()
#5 {main}
CRITICAL - 2020-09-30 06:38:20 --> Invalid argument supplied for foreach()
#0 /home/yanwardo/Documents/simoli/app/Controllers/Monitoring.php(143): CodeIgniter\Debug\Exceptions->errorHandler()
#1 /home/yanwardo/Documents/simoli/system/CodeIgniter.php(914): App\Controllers\Monitoring->getDataMonitoring()
#2 /home/yanwardo/Documents/simoli/system/CodeIgniter.php(400): CodeIgniter\CodeIgniter->runController()
#3 /home/yanwardo/Documents/simoli/system/CodeIgniter.php(308): CodeIgniter\CodeIgniter->handleRequest()
#4 /home/yanwardo/Documents/simoli/public/index.php(45): CodeIgniter\CodeIgniter->run()
#5 {main}
CRITICAL - 2020-09-30 06:39:49 --> Invalid argument supplied for foreach()
#0 /home/yanwardo/Documents/simoli/app/Controllers/Monitoring.php(143): CodeIgniter\Debug\Exceptions->errorHandler()
#1 /home/yanwardo/Documents/simoli/system/CodeIgniter.php(914): App\Controllers\Monitoring->getDataMonitoring()
#2 /home/yanwardo/Documents/simoli/system/CodeIgniter.php(400): CodeIgniter\CodeIgniter->runController()
#3 /home/yanwardo/Documents/simoli/system/CodeIgniter.php(308): CodeIgniter\CodeIgniter->handleRequest()
#4 /home/yanwardo/Documents/simoli/public/index.php(45): CodeIgniter\CodeIgniter->run()
#5 {main}
CRITICAL - 2020-09-30 06:40:55 --> Invalid argument supplied for foreach()
#0 /home/yanwardo/Documents/simoli/app/Controllers/Monitoring.php(143): CodeIgniter\Debug\Exceptions->errorHandler()
#1 /home/yanwardo/Documents/simoli/system/CodeIgniter.php(914): App\Controllers\Monitoring->getDataMonitoring()
#2 /home/yanwardo/Documents/simoli/system/CodeIgniter.php(400): CodeIgniter\CodeIgniter->runController()
#3 /home/yanwardo/Documents/simoli/system/CodeIgniter.php(308): CodeIgniter\CodeIgniter->handleRequest()
#4 /home/yanwardo/Documents/simoli/public/index.php(45): CodeIgniter\CodeIgniter->run()
#5 {main}
CRITICAL - 2020-09-30 06:48:14 --> Invalid argument supplied for foreach()
#0 /home/yanwardo/Documents/simoli/app/Controllers/Monitoring.php(139): CodeIgniter\Debug\Exceptions->errorHandler()
#1 /home/yanwardo/Documents/simoli/system/CodeIgniter.php(914): App\Controllers\Monitoring->getDataMonitoring()
#2 /home/yanwardo/Documents/simoli/system/CodeIgniter.php(400): CodeIgniter\CodeIgniter->runController()
#3 /home/yanwardo/Documents/simoli/system/CodeIgniter.php(308): CodeIgniter\CodeIgniter->handleRequest()
#4 /home/yanwardo/Documents/simoli/public/index.php(45): CodeIgniter\CodeIgniter->run()
#5 {main}
CRITICAL - 2020-09-30 06:48:30 --> Invalid argument supplied for foreach()
#0 /home/yanwardo/Documents/simoli/app/Controllers/Monitoring.php(139): CodeIgniter\Debug\Exceptions->errorHandler()
#1 /home/yanwardo/Documents/simoli/system/CodeIgniter.php(914): App\Controllers\Monitoring->getDataMonitoring()
#2 /home/yanwardo/Documents/simoli/system/CodeIgniter.php(400): CodeIgniter\CodeIgniter->runController()
#3 /home/yanwardo/Documents/simoli/system/CodeIgniter.php(308): CodeIgniter\CodeIgniter->handleRequest()
#4 /home/yanwardo/Documents/simoli/public/index.php(45): CodeIgniter\CodeIgniter->run()
#5 {main}
CRITICAL - 2020-09-30 06:48:56 --> Invalid argument supplied for foreach()
#0 /home/yanwardo/Documents/simoli/app/Controllers/Monitoring.php(139): CodeIgniter\Debug\Exceptions->errorHandler()
#1 /home/yanwardo/Documents/simoli/system/CodeIgniter.php(914): App\Controllers\Monitoring->getDataMonitoring()
#2 /home/yanwardo/Documents/simoli/system/CodeIgniter.php(400): CodeIgniter\CodeIgniter->runController()
#3 /home/yanwardo/Documents/simoli/system/CodeIgniter.php(308): CodeIgniter\CodeIgniter->handleRequest()
#4 /home/yanwardo/Documents/simoli/public/index.php(45): CodeIgniter\CodeIgniter->run()
#5 {main}
CRITICAL - 2020-09-30 06:50:04 --> Invalid argument supplied for foreach()
#0 /home/yanwardo/Documents/simoli/app/Controllers/Monitoring.php(139): CodeIgniter\Debug\Exceptions->errorHandler()
#1 /home/yanwardo/Documents/simoli/system/CodeIgniter.php(914): App\Controllers\Monitoring->getDataMonitoring()
#2 /home/yanwardo/Documents/simoli/system/CodeIgniter.php(400): CodeIgniter\CodeIgniter->runController()
#3 /home/yanwardo/Documents/simoli/system/CodeIgniter.php(308): CodeIgniter\CodeIgniter->handleRequest()
#4 /home/yanwardo/Documents/simoli/public/index.php(45): CodeIgniter\CodeIgniter->run()
#5 {main}
CRITICAL - 2020-09-30 06:50:05 --> Invalid argument supplied for foreach()
#0 /home/yanwardo/Documents/simoli/app/Controllers/Monitoring.php(139): CodeIgniter\Debug\Exceptions->errorHandler()
#1 /home/yanwardo/Documents/simoli/system/CodeIgniter.php(914): App\Controllers\Monitoring->getDataMonitoring()
#2 /home/yanwardo/Documents/simoli/system/CodeIgniter.php(400): CodeIgniter\CodeIgniter->runController()
#3 /home/yanwardo/Documents/simoli/system/CodeIgniter.php(308): CodeIgniter\CodeIgniter->handleRequest()
#4 /home/yanwardo/Documents/simoli/public/index.php(45): CodeIgniter\CodeIgniter->run()
#5 {main}
CRITICAL - 2020-09-30 06:50:16 --> Invalid argument supplied for foreach()
#0 /home/yanwardo/Documents/simoli/app/Controllers/Monitoring.php(139): CodeIgniter\Debug\Exceptions->errorHandler()
#1 /home/yanwardo/Documents/simoli/system/CodeIgniter.php(914): App\Controllers\Monitoring->getDataMonitoring()
#2 /home/yanwardo/Documents/simoli/system/CodeIgniter.php(400): CodeIgniter\CodeIgniter->runController()
#3 /home/yanwardo/Documents/simoli/system/CodeIgniter.php(308): CodeIgniter\CodeIgniter->handleRequest()
#4 /home/yanwardo/Documents/simoli/public/index.php(45): CodeIgniter\CodeIgniter->run()
#5 {main}
CRITICAL - 2020-09-30 06:50:44 --> Invalid argument supplied for foreach()
#0 /home/yanwardo/Documents/simoli/app/Controllers/Monitoring.php(139): CodeIgniter\Debug\Exceptions->errorHandler()
#1 /home/yanwardo/Documents/simoli/system/CodeIgniter.php(914): App\Controllers\Monitoring->getDataMonitoring()
#2 /home/yanwardo/Documents/simoli/system/CodeIgniter.php(400): CodeIgniter\CodeIgniter->runController()
#3 /home/yanwardo/Documents/simoli/system/CodeIgniter.php(308): CodeIgniter\CodeIgniter->handleRequest()
#4 /home/yanwardo/Documents/simoli/public/index.php(45): CodeIgniter\CodeIgniter->run()
#5 {main}
CRITICAL - 2020-09-30 06:50:52 --> json_decode() expects parameter 1 to be string, array given
#0 [internal function]: CodeIgniter\Debug\Exceptions->errorHandler()
#1 /home/yanwardo/Documents/simoli/app/Controllers/Monitoring.php(102): json_decode()
#2 /home/yanwardo/Documents/simoli/system/CodeIgniter.php(914): App\Controllers\Monitoring->getDataMonitoring()
#3 /home/yanwardo/Documents/simoli/system/CodeIgniter.php(400): CodeIgniter\CodeIgniter->runController()
#4 /home/yanwardo/Documents/simoli/system/CodeIgniter.php(308): CodeIgniter\CodeIgniter->handleRequest()
#5 /home/yanwardo/Documents/simoli/public/index.php(45): CodeIgniter\CodeIgniter->run()
#6 {main}
CRITICAL - 2020-09-30 06:51:31 --> Invalid argument supplied for foreach()
#0 /home/yanwardo/Documents/simoli/app/Controllers/Monitoring.php(139): CodeIgniter\Debug\Exceptions->errorHandler()
#1 /home/yanwardo/Documents/simoli/system/CodeIgniter.php(914): App\Controllers\Monitoring->getDataMonitoring()
#2 /home/yanwardo/Documents/simoli/system/CodeIgniter.php(400): CodeIgniter\CodeIgniter->runController()
#3 /home/yanwardo/Documents/simoli/system/CodeIgniter.php(308): CodeIgniter\CodeIgniter->handleRequest()
#4 /home/yanwardo/Documents/simoli/public/index.php(45): CodeIgniter\CodeIgniter->run()
#5 {main}
CRITICAL - 2020-09-30 06:51:32 --> json_decode() expects parameter 1 to be string, array given
#0 [internal function]: CodeIgniter\Debug\Exceptions->errorHandler()
#1 /home/yanwardo/Documents/simoli/app/Controllers/Monitoring.php(102): json_decode()
#2 /home/yanwardo/Documents/simoli/system/CodeIgniter.php(914): App\Controllers\Monitoring->getDataMonitoring()
#3 /home/yanwardo/Documents/simoli/system/CodeIgniter.php(400): CodeIgniter\CodeIgniter->runController()
#4 /home/yanwardo/Documents/simoli/system/CodeIgniter.php(308): CodeIgniter\CodeIgniter->handleRequest()
#5 /home/yanwardo/Documents/simoli/public/index.php(45): CodeIgniter\CodeIgniter->run()
#6 {main}
CRITICAL - 2020-09-30 06:51:54 --> json_decode() expects parameter 1 to be string, array given
#0 [internal function]: CodeIgniter\Debug\Exceptions->errorHandler()
#1 /home/yanwardo/Documents/simoli/app/Controllers/Monitoring.php(102): json_decode()
#2 /home/yanwardo/Documents/simoli/system/CodeIgniter.php(914): App\Controllers\Monitoring->getDataMonitoring()
#3 /home/yanwardo/Documents/simoli/system/CodeIgniter.php(400): CodeIgniter\CodeIgniter->runController()
#4 /home/yanwardo/Documents/simoli/system/CodeIgniter.php(308): CodeIgniter\CodeIgniter->handleRequest()
#5 /home/yanwardo/Documents/simoli/public/index.php(45): CodeIgniter\CodeIgniter->run()
#6 {main}
CRITICAL - 2020-09-30 06:52:40 --> Invalid argument supplied for foreach()
#0 /home/yanwardo/Documents/simoli/app/Controllers/Monitoring.php(139): CodeIgniter\Debug\Exceptions->errorHandler()
#1 /home/yanwardo/Documents/simoli/system/CodeIgniter.php(914): App\Controllers\Monitoring->getDataMonitoring()
#2 /home/yanwardo/Documents/simoli/system/CodeIgniter.php(400): CodeIgniter\CodeIgniter->runController()
#3 /home/yanwardo/Documents/simoli/system/CodeIgniter.php(308): CodeIgniter\CodeIgniter->handleRequest()
#4 /home/yanwardo/Documents/simoli/public/index.php(45): CodeIgniter\CodeIgniter->run()
#5 {main}
CRITICAL - 2020-09-30 06:52:42 --> json_decode() expects parameter 1 to be string, array given
#0 [internal function]: CodeIgniter\Debug\Exceptions->errorHandler()
#1 /home/yanwardo/Documents/simoli/app/Controllers/Monitoring.php(102): json_decode()
#2 /home/yanwardo/Documents/simoli/system/CodeIgniter.php(914): App\Controllers\Monitoring->getDataMonitoring()
#3 /home/yanwardo/Documents/simoli/system/CodeIgniter.php(400): CodeIgniter\CodeIgniter->runController()
#4 /home/yanwardo/Documents/simoli/system/CodeIgniter.php(308): CodeIgniter\CodeIgniter->handleRequest()
#5 /home/yanwardo/Documents/simoli/public/index.php(45): CodeIgniter\CodeIgniter->run()
#6 {main}
CRITICAL - 2020-09-30 06:53:35 --> Invalid argument supplied for foreach()
#0 /home/yanwardo/Documents/simoli/app/Controllers/Monitoring.php(139): CodeIgniter\Debug\Exceptions->errorHandler()
#1 /home/yanwardo/Documents/simoli/system/CodeIgniter.php(914): App\Controllers\Monitoring->getDataMonitoring()
#2 /home/yanwardo/Documents/simoli/system/CodeIgniter.php(400): CodeIgniter\CodeIgniter->runController()
#3 /home/yanwardo/Documents/simoli/system/CodeIgniter.php(308): CodeIgniter\CodeIgniter->handleRequest()
#4 /home/yanwardo/Documents/simoli/public/index.php(45): CodeIgniter\CodeIgniter->run()
#5 {main}
CRITICAL - 2020-09-30 06:53:48 --> json_decode() expects parameter 1 to be string, array given
#0 [internal function]: CodeIgniter\Debug\Exceptions->errorHandler()
#1 /home/yanwardo/Documents/simoli/app/Controllers/Monitoring.php(102): json_decode()
#2 /home/yanwardo/Documents/simoli/system/CodeIgniter.php(914): App\Controllers\Monitoring->getDataMonitoring()
#3 /home/yanwardo/Documents/simoli/system/CodeIgniter.php(400): CodeIgniter\CodeIgniter->runController()
#4 /home/yanwardo/Documents/simoli/system/CodeIgniter.php(308): CodeIgniter\CodeIgniter->handleRequest()
#5 /home/yanwardo/Documents/simoli/public/index.php(45): CodeIgniter\CodeIgniter->run()
#6 {main}
CRITICAL - 2020-09-30 06:54:10 --> Invalid argument supplied for foreach()
#0 /home/yanwardo/Documents/simoli/app/Controllers/Monitoring.php(139): CodeIgniter\Debug\Exceptions->errorHandler()
#1 /home/yanwardo/Documents/simoli/system/CodeIgniter.php(914): App\Controllers\Monitoring->getDataMonitoring()
#2 /home/yanwardo/Documents/simoli/system/CodeIgniter.php(400): CodeIgniter\CodeIgniter->runController()
#3 /home/yanwardo/Documents/simoli/system/CodeIgniter.php(308): CodeIgniter\CodeIgniter->handleRequest()
#4 /home/yanwardo/Documents/simoli/public/index.php(45): CodeIgniter\CodeIgniter->run()
#5 {main}
CRITICAL - 2020-09-30 07:02:07 --> Invalid argument supplied for foreach()
#0 /home/yanwardo/Documents/simoli/app/Controllers/Monitoring.php(140): CodeIgniter\Debug\Exceptions->errorHandler()
#1 /home/yanwardo/Documents/simoli/system/CodeIgniter.php(914): App\Controllers\Monitoring->getDataMonitoring()
#2 /home/yanwardo/Documents/simoli/system/CodeIgniter.php(400): CodeIgniter\CodeIgniter->runController()
#3 /home/yanwardo/Documents/simoli/system/CodeIgniter.php(308): CodeIgniter\CodeIgniter->handleRequest()
#4 /home/yanwardo/Documents/simoli/public/index.php(45): CodeIgniter\CodeIgniter->run()
#5 {main}
CRITICAL - 2020-09-30 07:03:14 --> Invalid argument supplied for foreach()
#0 /home/yanwardo/Documents/simoli/app/Controllers/Monitoring.php(140): CodeIgniter\Debug\Exceptions->errorHandler()
#1 /home/yanwardo/Documents/simoli/system/CodeIgniter.php(914): App\Controllers\Monitoring->getDataMonitoring()
#2 /home/yanwardo/Documents/simoli/system/CodeIgniter.php(400): CodeIgniter\CodeIgniter->runController()
#3 /home/yanwardo/Documents/simoli/system/CodeIgniter.php(308): CodeIgniter\CodeIgniter->handleRequest()
#4 /home/yanwardo/Documents/simoli/public/index.php(45): CodeIgniter\CodeIgniter->run()
#5 {main}
CRITICAL - 2020-09-30 07:04:41 --> Invalid argument supplied for foreach()
#0 /home/yanwardo/Documents/simoli/app/Controllers/Monitoring.php(140): CodeIgniter\Debug\Exceptions->errorHandler()
#1 /home/yanwardo/Documents/simoli/system/CodeIgniter.php(914): App\Controllers\Monitoring->getDataMonitoring()
#2 /home/yanwardo/Documents/simoli/system/CodeIgniter.php(400): CodeIgniter\CodeIgniter->runController()
#3 /home/yanwardo/Documents/simoli/system/CodeIgniter.php(308): CodeIgniter\CodeIgniter->handleRequest()
#4 /home/yanwardo/Documents/simoli/public/index.php(45): CodeIgniter\CodeIgniter->run()
#5 {main}
CRITICAL - 2020-09-30 07:07:06 --> Invalid argument supplied for foreach()
#0 /home/yanwardo/Documents/simoli/app/Controllers/Monitoring.php(140): CodeIgniter\Debug\Exceptions->errorHandler()
#1 /home/yanwardo/Documents/simoli/system/CodeIgniter.php(914): App\Controllers\Monitoring->getDataMonitoring()
#2 /home/yanwardo/Documents/simoli/system/CodeIgniter.php(400): CodeIgniter\CodeIgniter->runController()
#3 /home/yanwardo/Documents/simoli/system/CodeIgniter.php(308): CodeIgniter\CodeIgniter->handleRequest()
#4 /home/yanwardo/Documents/simoli/public/index.php(45): CodeIgniter\CodeIgniter->run()
#5 {main}
CRITICAL - 2020-09-30 07:07:43 --> Invalid argument supplied for foreach()
#0 /home/yanwardo/Documents/simoli/app/Controllers/Monitoring.php(140): CodeIgniter\Debug\Exceptions->errorHandler()
#1 /home/yanwardo/Documents/simoli/system/CodeIgniter.php(914): App\Controllers\Monitoring->getDataMonitoring()
#2 /home/yanwardo/Documents/simoli/system/CodeIgniter.php(400): CodeIgniter\CodeIgniter->runController()
#3 /home/yanwardo/Documents/simoli/system/CodeIgniter.php(308): CodeIgniter\CodeIgniter->handleRequest()
#4 /home/yanwardo/Documents/simoli/public/index.php(45): CodeIgniter\CodeIgniter->run()
#5 {main}
CRITICAL - 2020-09-30 07:13:37 --> Invalid argument supplied for foreach()
#0 /home/yanwardo/Documents/simoli/app/Controllers/Monitoring.php(140): CodeIgniter\Debug\Exceptions->errorHandler()
#1 /home/yanwardo/Documents/simoli/system/CodeIgniter.php(914): App\Controllers\Monitoring->getDataMonitoring()
#2 /home/yanwardo/Documents/simoli/system/CodeIgniter.php(400): CodeIgniter\CodeIgniter->runController()
#3 /home/yanwardo/Documents/simoli/system/CodeIgniter.php(308): CodeIgniter\CodeIgniter->handleRequest()
#4 /home/yanwardo/Documents/simoli/public/index.php(45): CodeIgniter\CodeIgniter->run()
#5 {main}
