CRITICAL - 2020-08-04 00:13:12 --> syntax error, unexpected 'foreach' (T_FOREACH)
#0 /mnt/common/devweb/kpkevin/system/Common.php(1087): CodeIgniter\View\View->render()
#1 /mnt/common/devweb/kpkevin/app/Controllers/Monitoring.php(42): view()
#2 /mnt/common/devweb/kpkevin/system/CodeIgniter.php(914): App\Controllers\Monitoring->grafik()
#3 /mnt/common/devweb/kpkevin/system/CodeIgniter.php(400): CodeIgniter\CodeIgniter->runController()
#4 /mnt/common/devweb/kpkevin/system/CodeIgniter.php(308): CodeIgniter\CodeIgniter->handleRequest()
#5 /mnt/common/devweb/kpkevin/public/index.php(45): CodeIgniter\CodeIgniter->run()
#6 {main}
CRITICAL - 2020-08-04 00:16:31 --> Undefined index: kwh
#0 /mnt/common/devweb/kpkevin/app/Views/monitoring/grafik.php(17): CodeIgniter\Debug\Exceptions->errorHandler()
#1 /mnt/common/devweb/kpkevin/system/View/View.php(246): include('/mnt/common/dev...')
#2 /mnt/common/devweb/kpkevin/system/Common.php(1087): CodeIgniter\View\View->render()
#3 /mnt/common/devweb/kpkevin/app/Controllers/Monitoring.php(42): view()
#4 /mnt/common/devweb/kpkevin/system/CodeIgniter.php(914): App\Controllers\Monitoring->grafik()
#5 /mnt/common/devweb/kpkevin/system/CodeIgniter.php(400): CodeIgniter\CodeIgniter->runController()
#6 /mnt/common/devweb/kpkevin/system/CodeIgniter.php(308): CodeIgniter\CodeIgniter->handleRequest()
#7 /mnt/common/devweb/kpkevin/public/index.php(45): CodeIgniter\CodeIgniter->run()
#8 {main}
CRITICAL - 2020-08-04 00:17:34 --> Undefined variable: monitorings
#0 /mnt/common/devweb/kpkevin/app/Controllers/Monitoring.php(38): CodeIgniter\Debug\Exceptions->errorHandler()
#1 /mnt/common/devweb/kpkevin/system/CodeIgniter.php(914): App\Controllers\Monitoring->grafik()
#2 /mnt/common/devweb/kpkevin/system/CodeIgniter.php(400): CodeIgniter\CodeIgniter->runController()
#3 /mnt/common/devweb/kpkevin/system/CodeIgniter.php(308): CodeIgniter\CodeIgniter->handleRequest()
#4 /mnt/common/devweb/kpkevin/public/index.php(45): CodeIgniter\CodeIgniter->run()
#5 {main}
CRITICAL - 2020-08-04 00:19:40 --> Undefined variable: data
#0 /mnt/common/devweb/kpkevin/app/Views/monitoring/grafik.php(16): CodeIgniter\Debug\Exceptions->errorHandler()
#1 /mnt/common/devweb/kpkevin/system/View/View.php(246): include('/mnt/common/dev...')
#2 /mnt/common/devweb/kpkevin/system/Common.php(1087): CodeIgniter\View\View->render()
#3 /mnt/common/devweb/kpkevin/app/Controllers/Monitoring.php(38): view()
#4 /mnt/common/devweb/kpkevin/system/CodeIgniter.php(914): App\Controllers\Monitoring->grafik()
#5 /mnt/common/devweb/kpkevin/system/CodeIgniter.php(400): CodeIgniter\CodeIgniter->runController()
#6 /mnt/common/devweb/kpkevin/system/CodeIgniter.php(308): CodeIgniter\CodeIgniter->handleRequest()
#7 /mnt/common/devweb/kpkevin/public/index.php(45): CodeIgniter\CodeIgniter->run()
#8 {main}
CRITICAL - 2020-08-04 00:42:37 --> Too few arguments to function CodeIgniter\HTTP\Response::setJSON(), 0 passed in /mnt/common/devweb/kpkevin/app/Controllers/Monitoring.php on line 86 and at least 1 expected
#0 /mnt/common/devweb/kpkevin/app/Controllers/Monitoring.php(86): CodeIgniter\HTTP\Response->setJSON()
#1 /mnt/common/devweb/kpkevin/system/CodeIgniter.php(914): App\Controllers\Monitoring->getDataMonitoring()
#2 /mnt/common/devweb/kpkevin/system/CodeIgniter.php(400): CodeIgniter\CodeIgniter->runController()
#3 /mnt/common/devweb/kpkevin/system/CodeIgniter.php(308): CodeIgniter\CodeIgniter->handleRequest()
#4 /mnt/common/devweb/kpkevin/public/index.php(45): CodeIgniter\CodeIgniter->run()
#5 {main}
